============================= test session starts ==============================
platform darwin -- Python 3.14.3, pytest-9.0.3, pluggy-1.6.0 -- /opt/homebrew/opt/python@3.14/bin/python3.14
cachedir: .pytest_cache
rootdir: /Users/justinrich/Projects/LaneShadow/.codex-worktrees/QUAL-001/scripts/curation
configfile: pyproject.toml
plugins: cov-7.1.0, asyncio-1.3.0, requests-mock-1.12.1, anyio-4.13.0
asyncio: mode=Mode.STRICT, debug=False, asyncio_default_fixture_loop_scope=None, asyncio_default_test_loop_scope=function
collecting ... collected 6 items

.codex-worktrees/QUAL-001/scripts/curation/tests/test_qual_001.py::TestSemanticDeduplicator::test_auto_merge_above_threshold PASSED [ 16%]
.codex-worktrees/QUAL-001/scripts/curation/tests/test_qual_001.py::TestSemanticDeduplicator::test_arbitration_queue_mid_range PASSED [ 33%]
.codex-worktrees/QUAL-001/scripts/curation/tests/test_qual_001.py::TestSemanticDeduplicator::test_threshold_boundary_at_092 PASSED [ 50%]
.codex-worktrees/QUAL-001/scripts/curation/tests/test_qual_001.py::TestSemanticDeduplicator::test_source_priority_fhwa_over_bbr PASSED [ 66%]
.codex-worktrees/QUAL-001/scripts/curation/tests/test_qual_001.py::TestSemanticDeduplicator::test_calibration_set_emitted PASSED [ 83%]
.codex-worktrees/QUAL-001/scripts/curation/tests/test_qual_001.py::TestSemanticDeduplicator::test_runtime_budget_warning PASSED [100%]

============================== 6 passed in 0.04s ===============================
