$ cd scripts/curation && python3 -m pytest tests/test_qual_001.py -v
exit_code=2

[stdout]
============================= test session starts ==============================
platform darwin -- Python 3.9.6, pytest-8.4.2, pluggy-1.6.0 -- /Applications/Xcode.app/Contents/Developer/usr/bin/python3
cachedir: .pytest_cache
rootdir: /Users/justinrich/Projects/LaneShadow/.codex-worktrees/QUAL-001/scripts/curation
configfile: pyproject.toml
plugins: anyio-4.12.1
collecting ... collected 0 items / 1 error

==================================== ERRORS ====================================
___________________ ERROR collecting tests/test_qual_001.py ____________________
ImportError while importing test module '/Users/justinrich/Projects/LaneShadow/.codex-worktrees/QUAL-001/scripts/curation/tests/test_qual_001.py'.
Hint: make sure your test modules/packages have valid Python names.
Traceback:
/Applications/Xcode.app/Contents/Developer/Library/Frameworks/Python3.framework/Versions/3.9/lib/python3.9/importlib/__init__.py:127: in import_module
    return _bootstrap._gcd_import(name[level:], package, level)
tests/test_qual_001.py:9: in <module>
    import responses
E   ModuleNotFoundError: No module named 'responses'
=============================== warnings summary ===============================
../../../../../../Library/Python/3.9/lib/python/site-packages/urllib3/__init__.py:35
  /Users/justinrich/Library/Python/3.9/lib/python/site-packages/urllib3/__init__.py:35: NotOpenSSLWarning: urllib3 v2 only supports OpenSSL 1.1.1+, currently the 'ssl' module is compiled with 'LibreSSL 2.8.3'. See: https://github.com/urllib3/urllib3/issues/3020
    warnings.warn(

-- Docs: https://docs.pytest.org/en/stable/how-to/capture-warnings.html
=========================== short test summary info ============================
ERROR tests/test_qual_001.py
!!!!!!!!!!!!!!!!!!!! Interrupted: 1 error during collection !!!!!!!!!!!!!!!!!!!!
========================= 1 warning, 1 error in 0.18s ==========================


[stderr]
/Users/justinrich/.rvm/scripts/hook: line 33: syntax error near unexpected token `('
/Users/justinrich/.rvm/scripts/hook: line 33: `    __rvm_read_lines _hooks_list <('

